<?xml version="1.0" encoding="UTF-8"?>
<testsuite name="com.example.rqchallenge.RqChallengeApplicationTests" tests="1" skipped="0" failures="0" errors="0" timestamp="2024-08-03T03:06:30" hostname="DESKTOP-HO6NQ43" time="0.001">
  <properties/>
  <testcase name="contextLoads()" classname="com.example.rqchallenge.RqChallengeApplicationTests" time="0.001"/>
  <system-out><![CDATA[2024-08-02 23:06:30 INFO  o.s.b.t.c.SpringBootTestContextBootstrapper - Neither @ContextConfiguration nor @ContextHierarchy found for test class [com.example.rqchallenge.RqChallengeApplicationTests], using SpringBootContextLoader
2024-08-02 23:06:30 INFO  o.s.t.c.s.AbstractContextLoader - Could not detect default resource locations for test class [com.example.rqchallenge.RqChallengeApplicationTests]: no resource found for suffixes {-context.xml, Context.groovy}.
2024-08-02 23:06:30 INFO  o.s.t.c.s.AnnotationConfigContextLoaderUtils - Could not detect default configuration classes for test class [com.example.rqchallenge.RqChallengeApplicationTests]: RqChallengeApplicationTests does not declare any static, non-private, non-final, nested classes annotated with @Configuration.
2024-08-02 23:06:30 INFO  o.s.b.t.c.SpringBootTestContextBootstrapper - Found @SpringBootConfiguration com.example.rqchallenge.RqChallengeApplication for test class com.example.rqchallenge.RqChallengeApplicationTests
2024-08-02 23:06:30 INFO  o.s.b.t.c.SpringBootTestContextBootstrapper - Loaded default TestExecutionListener class names from location [META-INF/spring.factories]: [org.springframework.test.context.web.ServletTestExecutionListener, org.springframework.test.context.support.DirtiesContextBeforeModesTestExecutionListener, org.springframework.test.context.event.ApplicationEventsTestExecutionListener, org.springframework.test.context.support.DependencyInjectionTestExecutionListener, org.springframework.test.context.support.DirtiesContextTestExecutionListener, org.springframework.test.context.transaction.TransactionalTestExecutionListener, org.springframework.test.context.jdbc.SqlScriptsTestExecutionListener, org.springframework.test.context.event.EventPublishingTestExecutionListener, org.springframework.boot.test.autoconfigure.restdocs.RestDocsTestExecutionListener, org.springframework.boot.test.autoconfigure.web.client.MockRestServiceServerResetTestExecutionListener, org.springframework.boot.test.autoconfigure.web.servlet.MockMvcPrintOnlyOnFailureTestExecutionListener, org.springframework.boot.test.autoconfigure.web.servlet.WebDriverTestExecutionListener, org.springframework.boot.test.autoconfigure.webservices.client.MockWebServiceServerTestExecutionListener, org.springframework.boot.test.mock.mockito.MockitoTestExecutionListener, org.springframework.boot.test.mock.mockito.ResetMocksTestExecutionListener]
2024-08-02 23:06:30 INFO  o.s.b.t.c.SpringBootTestContextBootstrapper - Using TestExecutionListeners: [org.springframework.test.context.web.ServletTestExecutionListener@48277712, org.springframework.test.context.support.DirtiesContextBeforeModesTestExecutionListener@3d53e876, org.springframework.test.context.event.ApplicationEventsTestExecutionListener@48d44b46, org.springframework.boot.test.mock.mockito.MockitoTestExecutionListener@aa0dbca, org.springframework.boot.test.autoconfigure.SpringBootDependencyInjectionTestExecutionListener@794cb26b, org.springframework.test.context.support.DirtiesContextTestExecutionListener@5b7ee56c, org.springframework.test.context.event.EventPublishingTestExecutionListener@311a0b3e, org.springframework.boot.test.autoconfigure.restdocs.RestDocsTestExecutionListener@3de8f85c, org.springframework.boot.test.autoconfigure.web.client.MockRestServiceServerResetTestExecutionListener@21abda60, org.springframework.boot.test.autoconfigure.web.servlet.MockMvcPrintOnlyOnFailureTestExecutionListener@dd20ebc, org.springframework.boot.test.autoconfigure.web.servlet.WebDriverTestExecutionListener@6c70b7c3, org.springframework.boot.test.autoconfigure.webservices.client.MockWebServiceServerTestExecutionListener@16a09809, org.springframework.boot.test.mock.mockito.ResetMocksTestExecutionListener@69a73867]

  .   ____          _            __ _ _
 /\\ / ___'_ __ _ _(_)_ __  __ _ \ \ \ \
( ( )\___ | '_ | '_| | '_ \/ _` | \ \ \ \
 \\/  ___)| |_)| | | | | || (_| |  ) ) ) )
  '  |____| .__|_| |_|_| |_\__, | / / / /
 =========|_|==============|___/=/_/_/_/
 :: Spring Boot ::                (v2.6.1)

2024-08-02 23:06:30 INFO  c.e.r.RqChallengeApplicationTests - Starting RqChallengeApplicationTests using Java 17.0.12 on DESKTOP-HO6NQ43 with PID 11048 (started by Ali in C:\git\java-employee-challenge1)
2024-08-02 23:06:30 INFO  c.e.r.RqChallengeApplicationTests - No active profile set, falling back to default profiles: default
2024-08-02 23:06:30 INFO  c.e.r.RqChallengeApplicationTests - Started RqChallengeApplicationTests in 0.453 seconds (JVM running for 2.283)
]]></system-out>
  <system-err><![CDATA[]]></system-err>
</testsuite>
