<?xml version="1.0" encoding="UTF-8"?>
<testsuite name="com.example.rqchallenge.EmployeeControllerTest" tests="7" skipped="0" failures="0" errors="0" timestamp="2024-08-03T03:06:29" hostname="DESKTOP-HO6NQ43" time="0.139">
  <properties/>
  <testcase name="testGetTopTenHighestEarningEmployeeNames()" classname="com.example.rqchallenge.EmployeeControllerTest" time="0.083"/>
  <testcase name="testGetHighestSalaryOfEmployees()" classname="com.example.rqchallenge.EmployeeControllerTest" time="0.005"/>
  <testcase name="testDeleteEmployeeById()" classname="com.example.rqchallenge.EmployeeControllerTest" time="0.007"/>
  <testcase name="testGetEmployeeById()" classname="com.example.rqchallenge.EmployeeControllerTest" time="0.018"/>
  <testcase name="testCreateEmployee()" classname="com.example.rqchallenge.EmployeeControllerTest" time="0.017"/>
  <testcase name="testGetAllEmployees()" classname="com.example.rqchallenge.EmployeeControllerTest" time="0.002"/>
  <testcase name="testGetEmployeesByNameSearch()" classname="com.example.rqchallenge.EmployeeControllerTest" time="0.004"/>
  <system-out><![CDATA[2024-08-02 23:06:28 INFO  o.s.b.t.a.w.s.WebMvcTestContextBootstrapper - Neither @ContextConfiguration nor @ContextHierarchy found for test class [com.example.rqchallenge.EmployeeControllerTest], using SpringBootContextLoader
2024-08-02 23:06:28 INFO  o.s.t.c.s.AbstractContextLoader - Could not detect default resource locations for test class [com.example.rqchallenge.EmployeeControllerTest]: no resource found for suffixes {-context.xml, Context.groovy}.
2024-08-02 23:06:28 INFO  o.s.t.c.s.AnnotationConfigContextLoaderUtils - Could not detect default configuration classes for test class [com.example.rqchallenge.EmployeeControllerTest]: EmployeeControllerTest does not declare any static, non-private, non-final, nested classes annotated with @Configuration.
2024-08-02 23:06:28 INFO  o.s.b.t.c.SpringBootTestContextBootstrapper - Found @SpringBootConfiguration com.example.rqchallenge.RqChallengeApplication for test class com.example.rqchallenge.EmployeeControllerTest
2024-08-02 23:06:28 INFO  o.s.b.t.a.w.s.WebMvcTestContextBootstrapper - Loaded default TestExecutionListener class names from location [META-INF/spring.factories]: [org.springframework.test.context.web.ServletTestExecutionListener, org.springframework.test.context.support.DirtiesContextBeforeModesTestExecutionListener, org.springframework.test.context.event.ApplicationEventsTestExecutionListener, org.springframework.test.context.support.DependencyInjectionTestExecutionListener, org.springframework.test.context.support.DirtiesContextTestExecutionListener, org.springframework.test.context.transaction.TransactionalTestExecutionListener, org.springframework.test.context.jdbc.SqlScriptsTestExecutionListener, org.springframework.test.context.event.EventPublishingTestExecutionListener, org.springframework.boot.test.autoconfigure.restdocs.RestDocsTestExecutionListener, org.springframework.boot.test.autoconfigure.web.client.MockRestServiceServerResetTestExecutionListener, org.springframework.boot.test.autoconfigure.web.servlet.MockMvcPrintOnlyOnFailureTestExecutionListener, org.springframework.boot.test.autoconfigure.web.servlet.WebDriverTestExecutionListener, org.springframework.boot.test.autoconfigure.webservices.client.MockWebServiceServerTestExecutionListener, org.springframework.boot.test.mock.mockito.MockitoTestExecutionListener, org.springframework.boot.test.mock.mockito.ResetMocksTestExecutionListener]
2024-08-02 23:06:28 INFO  o.s.b.t.a.w.s.WebMvcTestContextBootstrapper - Using TestExecutionListeners: [org.springframework.test.context.web.ServletTestExecutionListener@389adf1d, org.springframework.test.context.support.DirtiesContextBeforeModesTestExecutionListener@77307458, org.springframework.test.context.event.ApplicationEventsTestExecutionListener@1fc0053e, org.springframework.boot.test.mock.mockito.MockitoTestExecutionListener@290b1b2e, org.springframework.boot.test.autoconfigure.SpringBootDependencyInjectionTestExecutionListener@47874b25, org.springframework.test.context.support.DirtiesContextTestExecutionListener@33617539, org.springframework.test.context.event.EventPublishingTestExecutionListener@2c177f9e, org.springframework.boot.test.autoconfigure.restdocs.RestDocsTestExecutionListener@5db4c359, org.springframework.boot.test.autoconfigure.web.client.MockRestServiceServerResetTestExecutionListener@209775a9, org.springframework.boot.test.autoconfigure.web.servlet.MockMvcPrintOnlyOnFailureTestExecutionListener@18e7143f, org.springframework.boot.test.autoconfigure.web.servlet.WebDriverTestExecutionListener@f9b7332, org.springframework.boot.test.autoconfigure.webservices.client.MockWebServiceServerTestExecutionListener@74cec793, org.springframework.boot.test.mock.mockito.ResetMocksTestExecutionListener@6fefce9e]

  .   ____          _            __ _ _
 /\\ / ___'_ __ _ _(_)_ __  __ _ \ \ \ \
( ( )\___ | '_ | '_| | '_ \/ _` | \ \ \ \
 \\/  ___)| |_)| | | | | || (_| |  ) ) ) )
  '  |____| .__|_| |_|_| |_\__, | / / / /
 =========|_|==============|___/=/_/_/_/
 :: Spring Boot ::                (v2.6.1)

2024-08-02 23:06:29 INFO  c.e.r.EmployeeControllerTest - Starting EmployeeControllerTest using Java 17.0.12 on DESKTOP-HO6NQ43 with PID 11048 (started by Ali in C:\git\java-employee-challenge1)
2024-08-02 23:06:29 INFO  c.e.r.EmployeeControllerTest - No active profile set, falling back to default profiles: default
2024-08-02 23:06:29 INFO  o.s.b.t.m.w.SpringBootMockServletContext - Initializing Spring TestDispatcherServlet ''
2024-08-02 23:06:29 INFO  o.s.t.w.s.TestDispatcherServlet - Initializing Servlet ''
2024-08-02 23:06:29 INFO  o.s.t.w.s.TestDispatcherServlet - Completed initialization in 0 ms
2024-08-02 23:06:29 INFO  c.e.r.EmployeeControllerTest - Started EmployeeControllerTest in 1.05 seconds (JVM running for 1.676)
]]></system-out>
  <system-err><![CDATA[]]></system-err>
</testsuite>
